<?xml version="1.0" encoding="UTF-8"?>
<!-- Generated by org.testng.reporters.JUnitReportReporter -->
<testsuite skipped="0" hostname="DESKTOP-MU1LT4F" name="com.acti.TestCases.TC01_Login" tests="3" failures="0" timestamp="2020-08-25T12:16:47 CDT" time="35.949" errors="0">
  <testcase name="testVerifyTitle" time="13.998" classname="com.acti.TestCases.TC01_Login"/>
  <system-out/>
  <testcase name="testVerifyLogoisDisplayed" time="10.055" classname="com.acti.TestCases.TC01_Login"/>
  <system-out/>
  <testcase name="testValidateLoginFunction" time="11.896" classname="com.acti.TestCases.TC01_Login"/>
  <system-out/>
</testsuite> <!-- com.acti.TestCases.TC01_Login -->
