<?xml version="1.0" encoding="UTF-8"?>
<!-- Generated by org.testng.reporters.JUnitReportReporter -->
<testsuite skipped="0" hostname="DESKTOP-MU1LT4F" name="com.acti.Base.DriverScript" tests="1" failures="0" timestamp="2020-08-25T12:19:25 CDT" time="13.667" errors="0">
  <testcase name="initBrowser" time="13.667" classname="com.acti.Base.DriverScript"/>
  <system-out/>
</testsuite> <!-- com.acti.Base.DriverScript -->
